<?xml version="1.0" encoding="UTF-8"?>
<testsuite xmlns:xsi="http://www.w3.org/2001/XMLSchema-instance" xsi:noNamespaceSchemaLocation="https://maven.apache.org/surefire/maven-surefire-plugin/xsd/surefire-test-report-3.0.xsd" version="3.0" name="in.zoukme.zouk_album.ZoukAlbumApplicationTests" time="2.4" tests="1" errors="0" skipped="0" failures="0">
  <properties>
    <property name="java.specification.version" value="23"/>
    <property name="sun.jnu.encoding" value="UTF-8"/>
    <property name="java.class.path" value="/Users/valdemar.barros/personal/zouk-album/target/test-classes:/Users/valdemar.barros/personal/zouk-album/target/classes:/Users/valdemar.barros/.m2/repository/org/springframework/boot/spring-boot-starter-thymeleaf/3.3.5/spring-boot-starter-thymeleaf-3.3.5.jar:/Users/valdemar.barros/.m2/repository/org/springframework/boot/spring-boot-starter/3.3.5/spring-boot-starter-3.3.5.jar:/Users/valdemar.barros/.m2/repository/org/springframework/boot/spring-boot-starter-logging/3.3.5/spring-boot-starter-logging-3.3.5.jar:/Users/valdemar.barros/.m2/repository/ch/qos/logback/logback-classic/1.5.11/logback-classic-1.5.11.jar:/Users/valdemar.barros/.m2/repository/ch/qos/logback/logback-core/1.5.11/logback-core-1.5.11.jar:/Users/valdemar.barros/.m2/repository/org/apache/logging/log4j/log4j-to-slf4j/2.23.1/log4j-to-slf4j-2.23.1.jar:/Users/valdemar.barros/.m2/repository/org/apache/logging/log4j/log4j-api/2.23.1/log4j-api-2.23.1.jar:/Users/valdemar.barros/.m2/repository/org/slf4j/jul-to-slf4j/2.0.16/jul-to-slf4j-2.0.16.jar:/Users/valdemar.barros/.m2/repository/jakarta/annotation/jakarta.annotation-api/2.1.1/jakarta.annotation-api-2.1.1.jar:/Users/valdemar.barros/.m2/repository/org/yaml/snakeyaml/2.2/snakeyaml-2.2.jar:/Users/valdemar.barros/.m2/repository/org/thymeleaf/thymeleaf-spring6/3.1.2.RELEASE/thymeleaf-spring6-3.1.2.RELEASE.jar:/Users/valdemar.barros/.m2/repository/org/thymeleaf/thymeleaf/3.1.2.RELEASE/thymeleaf-3.1.2.RELEASE.jar:/Users/valdemar.barros/.m2/repository/org/attoparser/attoparser/2.0.7.RELEASE/attoparser-2.0.7.RELEASE.jar:/Users/valdemar.barros/.m2/repository/org/unbescape/unbescape/1.1.6.RELEASE/unbescape-1.1.6.RELEASE.jar:/Users/valdemar.barros/.m2/repository/org/slf4j/slf4j-api/2.0.16/slf4j-api-2.0.16.jar:/Users/valdemar.barros/.m2/repository/io/github/wimdeblauwe/htmx-spring-boot-thymeleaf/3.5.0/htmx-spring-boot-thymeleaf-3.5.0.jar:/Users/valdemar.barros/.m2/repository/io/github/wimdeblauwe/htmx-spring-boot/3.5.0/htmx-spring-boot-3.5.0.jar:/Users/valdemar.barros/.m2/repository/org/springframework/boot/spring-boot-devtools/3.3.5/spring-boot-devtools-3.3.5.jar:/Users/valdemar.barros/.m2/repository/org/springframework/boot/spring-boot/3.3.5/spring-boot-3.3.5.jar:/Users/valdemar.barros/.m2/repository/org/springframework/spring-context/6.1.14/spring-context-6.1.14.jar:/Users/valdemar.barros/.m2/repository/org/springframework/boot/spring-boot-autoconfigure/3.3.5/spring-boot-autoconfigure-3.3.5.jar:/Users/valdemar.barros/.m2/repository/org/springframework/boot/spring-boot-docker-compose/3.3.5/spring-boot-docker-compose-3.3.5.jar:/Users/valdemar.barros/.m2/repository/com/fasterxml/jackson/core/jackson-databind/2.17.2/jackson-databind-2.17.2.jar:/Users/valdemar.barros/.m2/repository/com/fasterxml/jackson/core/jackson-annotations/2.17.2/jackson-annotations-2.17.2.jar:/Users/valdemar.barros/.m2/repository/com/fasterxml/jackson/core/jackson-core/2.17.2/jackson-core-2.17.2.jar:/Users/valdemar.barros/.m2/repository/com/fasterxml/jackson/module/jackson-module-parameter-names/2.17.2/jackson-module-parameter-names-2.17.2.jar:/Users/valdemar.barros/.m2/repository/org/postgresql/postgresql/42.7.4/postgresql-42.7.4.jar:/Users/valdemar.barros/.m2/repository/org/checkerframework/checker-qual/3.42.0/checker-qual-3.42.0.jar:/Users/valdemar.barros/.m2/repository/org/springframework/boot/spring-boot-starter-test/3.3.5/spring-boot-starter-test-3.3.5.jar:/Users/valdemar.barros/.m2/repository/org/springframework/boot/spring-boot-test/3.3.5/spring-boot-test-3.3.5.jar:/Users/valdemar.barros/.m2/repository/org/springframework/boot/spring-boot-test-autoconfigure/3.3.5/spring-boot-test-autoconfigure-3.3.5.jar:/Users/valdemar.barros/.m2/repository/com/jayway/jsonpath/json-path/2.9.0/json-path-2.9.0.jar:/Users/valdemar.barros/.m2/repository/jakarta/xml/bind/jakarta.xml.bind-api/4.0.2/jakarta.xml.bind-api-4.0.2.jar:/Users/valdemar.barros/.m2/repository/jakarta/activation/jakarta.activation-api/2.1.3/jakarta.activation-api-2.1.3.jar:/Users/valdemar.barros/.m2/repository/net/minidev/json-smart/2.5.1/json-smart-2.5.1.jar:/Users/valdemar.barros/.m2/repository/net/minidev/accessors-smart/2.5.1/accessors-smart-2.5.1.jar:/Users/valdemar.barros/.m2/repository/org/ow2/asm/asm/9.6/asm-9.6.jar:/Users/valdemar.barros/.m2/repository/org/assertj/assertj-core/3.25.3/assertj-core-3.25.3.jar:/Users/valdemar.barros/.m2/repository/net/bytebuddy/byte-buddy/1.14.19/byte-buddy-1.14.19.jar:/Users/valdemar.barros/.m2/repository/org/awaitility/awaitility/4.2.2/awaitility-4.2.2.jar:/Users/valdemar.barros/.m2/repository/org/hamcrest/hamcrest/2.2/hamcrest-2.2.jar:/Users/valdemar.barros/.m2/repository/org/junit/jupiter/junit-jupiter/5.10.5/junit-jupiter-5.10.5.jar:/Users/valdemar.barros/.m2/repository/org/junit/jupiter/junit-jupiter-api/5.10.5/junit-jupiter-api-5.10.5.jar:/Users/valdemar.barros/.m2/repository/org/opentest4j/opentest4j/1.3.0/opentest4j-1.3.0.jar:/Users/valdemar.barros/.m2/repository/org/junit/platform/junit-platform-commons/1.10.5/junit-platform-commons-1.10.5.jar:/Users/valdemar.barros/.m2/repository/org/apiguardian/apiguardian-api/1.1.2/apiguardian-api-1.1.2.jar:/Users/valdemar.barros/.m2/repository/org/junit/jupiter/junit-jupiter-params/5.10.5/junit-jupiter-params-5.10.5.jar:/Users/valdemar.barros/.m2/repository/org/junit/jupiter/junit-jupiter-engine/5.10.5/junit-jupiter-engine-5.10.5.jar:/Users/valdemar.barros/.m2/repository/org/junit/platform/junit-platform-engine/1.10.5/junit-platform-engine-1.10.5.jar:/Users/valdemar.barros/.m2/repository/org/mockito/mockito-core/5.11.0/mockito-core-5.11.0.jar:/Users/valdemar.barros/.m2/repository/net/bytebuddy/byte-buddy-agent/1.14.19/byte-buddy-agent-1.14.19.jar:/Users/valdemar.barros/.m2/repository/org/objenesis/objenesis/3.3/objenesis-3.3.jar:/Users/valdemar.barros/.m2/repository/org/mockito/mockito-junit-jupiter/5.11.0/mockito-junit-jupiter-5.11.0.jar:/Users/valdemar.barros/.m2/repository/org/skyscreamer/jsonassert/1.5.3/jsonassert-1.5.3.jar:/Users/valdemar.barros/.m2/repository/com/vaadin/external/google/android-json/0.0.20131108.vaadin1/android-json-0.0.20131108.vaadin1.jar:/Users/valdemar.barros/.m2/repository/org/springframework/spring-core/6.1.14/spring-core-6.1.14.jar:/Users/valdemar.barros/.m2/repository/org/springframework/spring-jcl/6.1.14/spring-jcl-6.1.14.jar:/Users/valdemar.barros/.m2/repository/org/springframework/spring-test/6.1.14/spring-test-6.1.14.jar:/Users/valdemar.barros/.m2/repository/org/xmlunit/xmlunit-core/2.9.1/xmlunit-core-2.9.1.jar:/Users/valdemar.barros/.m2/repository/org/springframework/boot/spring-boot-starter-jdbc/3.3.5/spring-boot-starter-jdbc-3.3.5.jar:/Users/valdemar.barros/.m2/repository/com/zaxxer/HikariCP/5.1.0/HikariCP-5.1.0.jar:/Users/valdemar.barros/.m2/repository/org/springframework/spring-jdbc/6.1.14/spring-jdbc-6.1.14.jar:/Users/valdemar.barros/.m2/repository/org/springframework/spring-beans/6.1.14/spring-beans-6.1.14.jar:/Users/valdemar.barros/.m2/repository/org/springframework/spring-tx/6.1.14/spring-tx-6.1.14.jar:/Users/valdemar.barros/.m2/repository/org/springframework/boot/spring-boot-starter-data-jdbc/3.3.5/spring-boot-starter-data-jdbc-3.3.5.jar:/Users/valdemar.barros/.m2/repository/org/springframework/data/spring-data-jdbc/3.3.5/spring-data-jdbc-3.3.5.jar:/Users/valdemar.barros/.m2/repository/org/springframework/data/spring-data-relational/3.3.5/spring-data-relational-3.3.5.jar:/Users/valdemar.barros/.m2/repository/org/springframework/data/spring-data-commons/3.3.5/spring-data-commons-3.3.5.jar:/Users/valdemar.barros/.m2/repository/org/springframework/boot/spring-boot-starter-web/3.3.5/spring-boot-starter-web-3.3.5.jar:/Users/valdemar.barros/.m2/repository/org/springframework/boot/spring-boot-starter-json/3.3.5/spring-boot-starter-json-3.3.5.jar:/Users/valdemar.barros/.m2/repository/com/fasterxml/jackson/datatype/jackson-datatype-jdk8/2.17.2/jackson-datatype-jdk8-2.17.2.jar:/Users/valdemar.barros/.m2/repository/com/fasterxml/jackson/datatype/jackson-datatype-jsr310/2.17.2/jackson-datatype-jsr310-2.17.2.jar:/Users/valdemar.barros/.m2/repository/org/springframework/boot/spring-boot-starter-tomcat/3.3.5/spring-boot-starter-tomcat-3.3.5.jar:/Users/valdemar.barros/.m2/repository/org/apache/tomcat/embed/tomcat-embed-core/10.1.31/tomcat-embed-core-10.1.31.jar:/Users/valdemar.barros/.m2/repository/org/apache/tomcat/embed/tomcat-embed-el/10.1.31/tomcat-embed-el-10.1.31.jar:/Users/valdemar.barros/.m2/repository/org/apache/tomcat/embed/tomcat-embed-websocket/10.1.31/tomcat-embed-websocket-10.1.31.jar:/Users/valdemar.barros/.m2/repository/org/springframework/spring-web/6.1.14/spring-web-6.1.14.jar:/Users/valdemar.barros/.m2/repository/io/micrometer/micrometer-observation/1.13.6/micrometer-observation-1.13.6.jar:/Users/valdemar.barros/.m2/repository/io/micrometer/micrometer-commons/1.13.6/micrometer-commons-1.13.6.jar:/Users/valdemar.barros/.m2/repository/org/springframework/spring-webmvc/6.1.14/spring-webmvc-6.1.14.jar:/Users/valdemar.barros/.m2/repository/org/springframework/spring-aop/6.1.14/spring-aop-6.1.14.jar:/Users/valdemar.barros/.m2/repository/org/springframework/spring-expression/6.1.14/spring-expression-6.1.14.jar:"/>
    <property name="java.vm.vendor" value="GraalVM Community"/>
    <property name="sun.arch.data.model" value="64"/>
    <property name="java.vendor.url" value="https://www.graalvm.org/"/>
    <property name="user.timezone" value="America/Sao_Paulo"/>
    <property name="os.name" value="Mac OS X"/>
    <property name="java.vm.specification.version" value="23"/>
    <property name="sun.java.launcher" value="SUN_STANDARD"/>
    <property name="user.country" value="GB"/>
    <property name="sun.boot.library.path" value="/Users/valdemar.barros/.sdkman/candidates/java/23-graalce/lib"/>
    <property name="sun.java.command" value="/Users/valdemar.barros/personal/zouk-album/target/surefire/surefirebooter-20241108131621614_3.jar /Users/valdemar.barros/personal/zouk-album/target/surefire 2024-11-08T13-16-21_571-jvmRun1 surefire-20241108131621614_1tmp surefire_0-20241108131621614_2tmp"/>
    <property name="http.nonProxyHosts" value="local|*.local|169.254/16|*.169.254/16"/>
    <property name="jdk.debug" value="release"/>
    <property name="surefire.test.class.path" value="/Users/valdemar.barros/personal/zouk-album/target/test-classes:/Users/valdemar.barros/personal/zouk-album/target/classes:/Users/valdemar.barros/.m2/repository/org/springframework/boot/spring-boot-starter-thymeleaf/3.3.5/spring-boot-starter-thymeleaf-3.3.5.jar:/Users/valdemar.barros/.m2/repository/org/springframework/boot/spring-boot-starter/3.3.5/spring-boot-starter-3.3.5.jar:/Users/valdemar.barros/.m2/repository/org/springframework/boot/spring-boot-starter-logging/3.3.5/spring-boot-starter-logging-3.3.5.jar:/Users/valdemar.barros/.m2/repository/ch/qos/logback/logback-classic/1.5.11/logback-classic-1.5.11.jar:/Users/valdemar.barros/.m2/repository/ch/qos/logback/logback-core/1.5.11/logback-core-1.5.11.jar:/Users/valdemar.barros/.m2/repository/org/apache/logging/log4j/log4j-to-slf4j/2.23.1/log4j-to-slf4j-2.23.1.jar:/Users/valdemar.barros/.m2/repository/org/apache/logging/log4j/log4j-api/2.23.1/log4j-api-2.23.1.jar:/Users/valdemar.barros/.m2/repository/org/slf4j/jul-to-slf4j/2.0.16/jul-to-slf4j-2.0.16.jar:/Users/valdemar.barros/.m2/repository/jakarta/annotation/jakarta.annotation-api/2.1.1/jakarta.annotation-api-2.1.1.jar:/Users/valdemar.barros/.m2/repository/org/yaml/snakeyaml/2.2/snakeyaml-2.2.jar:/Users/valdemar.barros/.m2/repository/org/thymeleaf/thymeleaf-spring6/3.1.2.RELEASE/thymeleaf-spring6-3.1.2.RELEASE.jar:/Users/valdemar.barros/.m2/repository/org/thymeleaf/thymeleaf/3.1.2.RELEASE/thymeleaf-3.1.2.RELEASE.jar:/Users/valdemar.barros/.m2/repository/org/attoparser/attoparser/2.0.7.RELEASE/attoparser-2.0.7.RELEASE.jar:/Users/valdemar.barros/.m2/repository/org/unbescape/unbescape/1.1.6.RELEASE/unbescape-1.1.6.RELEASE.jar:/Users/valdemar.barros/.m2/repository/org/slf4j/slf4j-api/2.0.16/slf4j-api-2.0.16.jar:/Users/valdemar.barros/.m2/repository/io/github/wimdeblauwe/htmx-spring-boot-thymeleaf/3.5.0/htmx-spring-boot-thymeleaf-3.5.0.jar:/Users/valdemar.barros/.m2/repository/io/github/wimdeblauwe/htmx-spring-boot/3.5.0/htmx-spring-boot-3.5.0.jar:/Users/valdemar.barros/.m2/repository/org/springframework/boot/spring-boot-devtools/3.3.5/spring-boot-devtools-3.3.5.jar:/Users/valdemar.barros/.m2/repository/org/springframework/boot/spring-boot/3.3.5/spring-boot-3.3.5.jar:/Users/valdemar.barros/.m2/repository/org/springframework/spring-context/6.1.14/spring-context-6.1.14.jar:/Users/valdemar.barros/.m2/repository/org/springframework/boot/spring-boot-autoconfigure/3.3.5/spring-boot-autoconfigure-3.3.5.jar:/Users/valdemar.barros/.m2/repository/org/springframework/boot/spring-boot-docker-compose/3.3.5/spring-boot-docker-compose-3.3.5.jar:/Users/valdemar.barros/.m2/repository/com/fasterxml/jackson/core/jackson-databind/2.17.2/jackson-databind-2.17.2.jar:/Users/valdemar.barros/.m2/repository/com/fasterxml/jackson/core/jackson-annotations/2.17.2/jackson-annotations-2.17.2.jar:/Users/valdemar.barros/.m2/repository/com/fasterxml/jackson/core/jackson-core/2.17.2/jackson-core-2.17.2.jar:/Users/valdemar.barros/.m2/repository/com/fasterxml/jackson/module/jackson-module-parameter-names/2.17.2/jackson-module-parameter-names-2.17.2.jar:/Users/valdemar.barros/.m2/repository/org/postgresql/postgresql/42.7.4/postgresql-42.7.4.jar:/Users/valdemar.barros/.m2/repository/org/checkerframework/checker-qual/3.42.0/checker-qual-3.42.0.jar:/Users/valdemar.barros/.m2/repository/org/springframework/boot/spring-boot-starter-test/3.3.5/spring-boot-starter-test-3.3.5.jar:/Users/valdemar.barros/.m2/repository/org/springframework/boot/spring-boot-test/3.3.5/spring-boot-test-3.3.5.jar:/Users/valdemar.barros/.m2/repository/org/springframework/boot/spring-boot-test-autoconfigure/3.3.5/spring-boot-test-autoconfigure-3.3.5.jar:/Users/valdemar.barros/.m2/repository/com/jayway/jsonpath/json-path/2.9.0/json-path-2.9.0.jar:/Users/valdemar.barros/.m2/repository/jakarta/xml/bind/jakarta.xml.bind-api/4.0.2/jakarta.xml.bind-api-4.0.2.jar:/Users/valdemar.barros/.m2/repository/jakarta/activation/jakarta.activation-api/2.1.3/jakarta.activation-api-2.1.3.jar:/Users/valdemar.barros/.m2/repository/net/minidev/json-smart/2.5.1/json-smart-2.5.1.jar:/Users/valdemar.barros/.m2/repository/net/minidev/accessors-smart/2.5.1/accessors-smart-2.5.1.jar:/Users/valdemar.barros/.m2/repository/org/ow2/asm/asm/9.6/asm-9.6.jar:/Users/valdemar.barros/.m2/repository/org/assertj/assertj-core/3.25.3/assertj-core-3.25.3.jar:/Users/valdemar.barros/.m2/repository/net/bytebuddy/byte-buddy/1.14.19/byte-buddy-1.14.19.jar:/Users/valdemar.barros/.m2/repository/org/awaitility/awaitility/4.2.2/awaitility-4.2.2.jar:/Users/valdemar.barros/.m2/repository/org/hamcrest/hamcrest/2.2/hamcrest-2.2.jar:/Users/valdemar.barros/.m2/repository/org/junit/jupiter/junit-jupiter/5.10.5/junit-jupiter-5.10.5.jar:/Users/valdemar.barros/.m2/repository/org/junit/jupiter/junit-jupiter-api/5.10.5/junit-jupiter-api-5.10.5.jar:/Users/valdemar.barros/.m2/repository/org/opentest4j/opentest4j/1.3.0/opentest4j-1.3.0.jar:/Users/valdemar.barros/.m2/repository/org/junit/platform/junit-platform-commons/1.10.5/junit-platform-commons-1.10.5.jar:/Users/valdemar.barros/.m2/repository/org/apiguardian/apiguardian-api/1.1.2/apiguardian-api-1.1.2.jar:/Users/valdemar.barros/.m2/repository/org/junit/jupiter/junit-jupiter-params/5.10.5/junit-jupiter-params-5.10.5.jar:/Users/valdemar.barros/.m2/repository/org/junit/jupiter/junit-jupiter-engine/5.10.5/junit-jupiter-engine-5.10.5.jar:/Users/valdemar.barros/.m2/repository/org/junit/platform/junit-platform-engine/1.10.5/junit-platform-engine-1.10.5.jar:/Users/valdemar.barros/.m2/repository/org/mockito/mockito-core/5.11.0/mockito-core-5.11.0.jar:/Users/valdemar.barros/.m2/repository/net/bytebuddy/byte-buddy-agent/1.14.19/byte-buddy-agent-1.14.19.jar:/Users/valdemar.barros/.m2/repository/org/objenesis/objenesis/3.3/objenesis-3.3.jar:/Users/valdemar.barros/.m2/repository/org/mockito/mockito-junit-jupiter/5.11.0/mockito-junit-jupiter-5.11.0.jar:/Users/valdemar.barros/.m2/repository/org/skyscreamer/jsonassert/1.5.3/jsonassert-1.5.3.jar:/Users/valdemar.barros/.m2/repository/com/vaadin/external/google/android-json/0.0.20131108.vaadin1/android-json-0.0.20131108.vaadin1.jar:/Users/valdemar.barros/.m2/repository/org/springframework/spring-core/6.1.14/spring-core-6.1.14.jar:/Users/valdemar.barros/.m2/repository/org/springframework/spring-jcl/6.1.14/spring-jcl-6.1.14.jar:/Users/valdemar.barros/.m2/repository/org/springframework/spring-test/6.1.14/spring-test-6.1.14.jar:/Users/valdemar.barros/.m2/repository/org/xmlunit/xmlunit-core/2.9.1/xmlunit-core-2.9.1.jar:/Users/valdemar.barros/.m2/repository/org/springframework/boot/spring-boot-starter-jdbc/3.3.5/spring-boot-starter-jdbc-3.3.5.jar:/Users/valdemar.barros/.m2/repository/com/zaxxer/HikariCP/5.1.0/HikariCP-5.1.0.jar:/Users/valdemar.barros/.m2/repository/org/springframework/spring-jdbc/6.1.14/spring-jdbc-6.1.14.jar:/Users/valdemar.barros/.m2/repository/org/springframework/spring-beans/6.1.14/spring-beans-6.1.14.jar:/Users/valdemar.barros/.m2/repository/org/springframework/spring-tx/6.1.14/spring-tx-6.1.14.jar:/Users/valdemar.barros/.m2/repository/org/springframework/boot/spring-boot-starter-data-jdbc/3.3.5/spring-boot-starter-data-jdbc-3.3.5.jar:/Users/valdemar.barros/.m2/repository/org/springframework/data/spring-data-jdbc/3.3.5/spring-data-jdbc-3.3.5.jar:/Users/valdemar.barros/.m2/repository/org/springframework/data/spring-data-relational/3.3.5/spring-data-relational-3.3.5.jar:/Users/valdemar.barros/.m2/repository/org/springframework/data/spring-data-commons/3.3.5/spring-data-commons-3.3.5.jar:/Users/valdemar.barros/.m2/repository/org/springframework/boot/spring-boot-starter-web/3.3.5/spring-boot-starter-web-3.3.5.jar:/Users/valdemar.barros/.m2/repository/org/springframework/boot/spring-boot-starter-json/3.3.5/spring-boot-starter-json-3.3.5.jar:/Users/valdemar.barros/.m2/repository/com/fasterxml/jackson/datatype/jackson-datatype-jdk8/2.17.2/jackson-datatype-jdk8-2.17.2.jar:/Users/valdemar.barros/.m2/repository/com/fasterxml/jackson/datatype/jackson-datatype-jsr310/2.17.2/jackson-datatype-jsr310-2.17.2.jar:/Users/valdemar.barros/.m2/repository/org/springframework/boot/spring-boot-starter-tomcat/3.3.5/spring-boot-starter-tomcat-3.3.5.jar:/Users/valdemar.barros/.m2/repository/org/apache/tomcat/embed/tomcat-embed-core/10.1.31/tomcat-embed-core-10.1.31.jar:/Users/valdemar.barros/.m2/repository/org/apache/tomcat/embed/tomcat-embed-el/10.1.31/tomcat-embed-el-10.1.31.jar:/Users/valdemar.barros/.m2/repository/org/apache/tomcat/embed/tomcat-embed-websocket/10.1.31/tomcat-embed-websocket-10.1.31.jar:/Users/valdemar.barros/.m2/repository/org/springframework/spring-web/6.1.14/spring-web-6.1.14.jar:/Users/valdemar.barros/.m2/repository/io/micrometer/micrometer-observation/1.13.6/micrometer-observation-1.13.6.jar:/Users/valdemar.barros/.m2/repository/io/micrometer/micrometer-commons/1.13.6/micrometer-commons-1.13.6.jar:/Users/valdemar.barros/.m2/repository/org/springframework/spring-webmvc/6.1.14/spring-webmvc-6.1.14.jar:/Users/valdemar.barros/.m2/repository/org/springframework/spring-aop/6.1.14/spring-aop-6.1.14.jar:/Users/valdemar.barros/.m2/repository/org/springframework/spring-expression/6.1.14/spring-expression-6.1.14.jar:"/>
    <property name="sun.cpu.endian" value="little"/>
    <property name="user.home" value="/Users/valdemar.barros"/>
    <property name="user.language" value="en"/>
    <property name="java.specification.vendor" value="Oracle Corporation"/>
    <property name="reactor.schedulers.defaultBoundedElasticOnVirtualThreads" value="true"/>
    <property name="java.version.date" value="2024-09-17"/>
    <property name="java.home" value="/Users/valdemar.barros/.sdkman/candidates/java/23-graalce"/>
    <property name="file.separator" value="/"/>
    <property name="basedir" value="/Users/valdemar.barros/personal/zouk-album"/>
    <property name="java.vm.compressedOopsMode" value="Zero based"/>
    <property name="jdk.internal.vm.ci.enabled" value="true"/>
    <property name="line.separator" value="&#10;"/>
    <property name="java.vm.specification.vendor" value="Oracle Corporation"/>
    <property name="java.specification.name" value="Java Platform API Specification"/>
    <property name="FILE_LOG_CHARSET" value="UTF-8"/>
    <property name="java.awt.headless" value="true"/>
    <property name="apple.awt.application.name" value="ForkedBooter"/>
    <property name="surefire.real.class.path" value="/Users/valdemar.barros/personal/zouk-album/target/surefire/surefirebooter-20241108131621614_3.jar"/>
    <property name="junit.platform.listeners.uid.tracking.enabled" value="true"/>
    <property name="sun.management.compiler" value="HotSpot 64-Bit Tiered Compilers"/>
    <property name="ftp.nonProxyHosts" value="local|*.local|169.254/16|*.169.254/16"/>
    <property name="junit.platform.listeners.uid.tracking.output.dir" value="/Users/valdemar.barros/personal/zouk-album/target/test-ids"/>
    <property name="java.runtime.version" value="23+37-jvmci-b01"/>
    <property name="user.name" value="valdemar.barros"/>
    <property name="stdout.encoding" value="UTF-8"/>
    <property name="path.separator" value=":"/>
    <property name="os.version" value="14.7.1"/>
    <property name="java.runtime.name" value="OpenJDK Runtime Environment"/>
    <property name="file.encoding" value="UTF-8"/>
    <property name="java.vm.name" value="OpenJDK 64-Bit Server VM"/>
    <property name="java.vendor.version" value="GraalVM CE 23+37.1"/>
    <property name="localRepository" value="/Users/valdemar.barros/.m2/repository"/>
    <property name="java.vendor.url.bug" value="https://github.com/oracle/graal/issues"/>
    <property name="java.io.tmpdir" value="/var/folders/6x/3gphyyz54gx70pysp_czc4n00000gp/T/"/>
    <property name="com.zaxxer.hikari.pool_number" value="1"/>
    <property name="java.version" value="23"/>
    <property name="user.dir" value="/Users/valdemar.barros/personal/zouk-album"/>
    <property name="os.arch" value="aarch64"/>
    <property name="java.vm.specification.name" value="Java Virtual Machine Specification"/>
    <property name="PID" value="17968"/>
    <property name="CONSOLE_LOG_CHARSET" value="UTF-8"/>
    <property name="native.encoding" value="UTF-8"/>
    <property name="java.library.path" value="/Users/valdemar.barros/Library/Java/Extensions:/Library/Java/Extensions:/Network/Library/Java/Extensions:/System/Library/Java/Extensions:/usr/lib/java:."/>
    <property name="java.vm.info" value="mixed mode, sharing"/>
    <property name="stderr.encoding" value="UTF-8"/>
    <property name="java.vendor" value="GraalVM Community"/>
    <property name="java.vm.version" value="23+37-jvmci-b01"/>
    <property name="sun.io.unicode.encoding" value="UnicodeBig"/>
    <property name="socksNonProxyHosts" value="local|*.local|169.254/16|*.169.254/16"/>
    <property name="java.class.version" value="67.0"/>
    <property name="LOGGED_APPLICATION_NAME" value="[zouk-albums] "/>
  </properties>
  <testcase name="contextLoads" classname="in.zoukme.zouk_album.ZoukAlbumApplicationTests" time="0.421">
    <system-out><![CDATA[13:16:22.081 [main] INFO org.springframework.test.context.support.AnnotationConfigContextLoaderUtils -- Could not detect default configuration classes for test class [in.zoukme.zouk_album.ZoukAlbumApplicationTests]: ZoukAlbumApplicationTests does not declare any static, non-private, non-final, nested classes annotated with @Configuration.
13:16:22.146 [main] INFO org.springframework.boot.test.context.SpringBootTestContextBootstrapper -- Found @SpringBootConfiguration in.zoukme.zouk_album.ZoukAlbumApplication for test class in.zoukme.zouk_album.ZoukAlbumApplicationTests
13:16:22.227 [main] INFO org.springframework.boot.devtools.restart.RestartApplicationListener -- Restart disabled due to context in which it is running

  .   ____          _            __ _ _
 /\\ / ___'_ __ _ _(_)_ __  __ _ \ \ \ \
( ( )\___ | '_ | '_| | '_ \/ _` | \ \ \ \
 \\/  ___)| |_)| | | | | || (_| |  ) ) ) )
  '  |____| .__|_| |_|_| |_\__, | / / / /
 =========|_|==============|___/=/_/_/_/

 :: Spring Boot ::                (v3.3.5)

2024-11-08T13:16:22.379-03:00  INFO 17968 --- [zouk-albums] [           main] i.z.z.ZoukAlbumApplicationTests          : Starting ZoukAlbumApplicationTests using Java 23 with PID 17968 (started by valdemar.barros in /Users/valdemar.barros/personal/zouk-album)
2024-11-08T13:16:22.379-03:00  INFO 17968 --- [zouk-albums] [           main] i.z.z.ZoukAlbumApplicationTests          : No active profile set, falling back to 1 default profile: "default"
2024-11-08T13:16:22.759-03:00  INFO 17968 --- [zouk-albums] [           main] .s.d.r.c.RepositoryConfigurationDelegate : Bootstrapping Spring Data JDBC repositories in DEFAULT mode.
2024-11-08T13:16:22.810-03:00  INFO 17968 --- [zouk-albums] [           main] .s.d.r.c.RepositoryConfigurationDelegate : Finished Spring Data repository scanning in 48 ms. Found 2 JDBC repository interfaces.
2024-11-08T13:16:23.198-03:00  INFO 17968 --- [zouk-albums] [           main] com.zaxxer.hikari.HikariDataSource       : HikariPool-1 - Starting...
2024-11-08T13:16:23.409-03:00  INFO 17968 --- [zouk-albums] [           main] com.zaxxer.hikari.pool.HikariPool        : HikariPool-1 - Added connection org.postgresql.jdbc.PgConnection@53aa38be
2024-11-08T13:16:23.410-03:00  INFO 17968 --- [zouk-albums] [           main] com.zaxxer.hikari.HikariDataSource       : HikariPool-1 - Start completed.
2024-11-08T13:16:23.772-03:00  INFO 17968 --- [zouk-albums] [           main] o.s.b.a.w.s.WelcomePageHandlerMapping    : Adding welcome page template: index
2024-11-08T13:16:23.921-03:00  INFO 17968 --- [zouk-albums] [           main] i.z.z.ZoukAlbumApplicationTests          : Started ZoukAlbumApplicationTests in 1.701 seconds (process running for 2.251)
]]></system-out>
    <system-err><![CDATA[WARNING: A Java agent has been loaded dynamically (/Users/valdemar.barros/.m2/repository/net/bytebuddy/byte-buddy-agent/1.14.19/byte-buddy-agent-1.14.19.jar)
WARNING: If a serviceability tool is in use, please run with -XX:+EnableDynamicAgentLoading to hide this warning
WARNING: If a serviceability tool is not in use, please run with -Djdk.instrument.traceUsage for more information
WARNING: Dynamic loading of agents will be disallowed by default in a future release
]]></system-err>
  </testcase>
</testsuite>